2016-10-11 11:05:33 [main] DEBUG Main - ======debug
2016-10-11 11:05:33 [main] INFO  Main - ======info
2016-10-11 11:05:33 [main] WARN  Main - ======warn
2016-10-11 11:05:33 [main] ERROR Main - ======error
2016-10-11 11:07:06 [main] ERROR Main - hello world
java.lang.RuntimeException: fuck
	at com.mushan.Main.test2(Main.java:50)
	at com.mushan.Main.main(Main.java:21)
	at sun.reflect.NativeMethodAccessorImpl.invoke0(Native Method)
	at sun.reflect.NativeMethodAccessorImpl.invoke(NativeMethodAccessorImpl.java:62)
	at sun.reflect.DelegatingMethodAccessorImpl.invoke(DelegatingMethodAccessorImpl.java:43)
	at java.lang.reflect.Method.invoke(Method.java:497)
	at com.intellij.rt.execution.application.AppMain.main(AppMain.java:147)
2016-10-11 11:07:27 [main] ERROR Main - hello world e:{}
java.lang.RuntimeException: fuck
	at com.mushan.Main.test2(Main.java:50)
	at com.mushan.Main.main(Main.java:21)
	at sun.reflect.NativeMethodAccessorImpl.invoke0(Native Method)
	at sun.reflect.NativeMethodAccessorImpl.invoke(NativeMethodAccessorImpl.java:62)
	at sun.reflect.DelegatingMethodAccessorImpl.invoke(DelegatingMethodAccessorImpl.java:43)
	at java.lang.reflect.Method.invoke(Method.java:497)
	at com.intellij.rt.execution.application.AppMain.main(AppMain.java:147)
2016-10-11 11:08:07 [main] ERROR Main - hello world 
2016-10-11 11:08:07 [main] ERROR Main - hello world 
java.lang.RuntimeException: fuck
	at com.mushan.Main.test2(Main.java:51)
	at com.mushan.Main.main(Main.java:21)
	at sun.reflect.NativeMethodAccessorImpl.invoke0(Native Method)
	at sun.reflect.NativeMethodAccessorImpl.invoke(NativeMethodAccessorImpl.java:62)
	at sun.reflect.DelegatingMethodAccessorImpl.invoke(DelegatingMethodAccessorImpl.java:43)
	at java.lang.reflect.Method.invoke(Method.java:497)
	at com.intellij.rt.execution.application.AppMain.main(AppMain.java:147)
2016-10-11 11:08:07 [main] ERROR Main - hello world e:{}
java.lang.RuntimeException: fuck
	at com.mushan.Main.test2(Main.java:52)
	at com.mushan.Main.main(Main.java:21)
	at sun.reflect.NativeMethodAccessorImpl.invoke0(Native Method)
	at sun.reflect.NativeMethodAccessorImpl.invoke(NativeMethodAccessorImpl.java:62)
	at sun.reflect.DelegatingMethodAccessorImpl.invoke(DelegatingMethodAccessorImpl.java:43)
	at java.lang.reflect.Method.invoke(Method.java:497)
	at com.intellij.rt.execution.application.AppMain.main(AppMain.java:147)
2016-10-11 11:08:42 [main] ERROR Main - hello world 
2016-10-11 11:08:42 [main] ERROR Main - hello world 
java.lang.RuntimeException: fuck
	at com.mushan.Main.test2(Main.java:51)
	at com.mushan.Main.main(Main.java:21)
	at sun.reflect.NativeMethodAccessorImpl.invoke0(Native Method)
	at sun.reflect.NativeMethodAccessorImpl.invoke(NativeMethodAccessorImpl.java:62)
	at sun.reflect.DelegatingMethodAccessorImpl.invoke(DelegatingMethodAccessorImpl.java:43)
	at java.lang.reflect.Method.invoke(Method.java:497)
	at com.intellij.rt.execution.application.AppMain.main(AppMain.java:147)
2016-10-11 11:08:42 [main] ERROR Main - hello world e:{}
java.lang.RuntimeException: fuck
	at com.mushan.Main.test2(Main.java:52)
	at com.mushan.Main.main(Main.java:21)
	at sun.reflect.NativeMethodAccessorImpl.invoke0(Native Method)
	at sun.reflect.NativeMethodAccessorImpl.invoke(NativeMethodAccessorImpl.java:62)
	at sun.reflect.DelegatingMethodAccessorImpl.invoke(DelegatingMethodAccessorImpl.java:43)
	at java.lang.reflect.Method.invoke(Method.java:497)
	at com.intellij.rt.execution.application.AppMain.main(AppMain.java:147)
2016-10-11 11:09:06 [main] ERROR Main - hello world 
2016-10-11 11:09:06 [main] ERROR Main - hello world 
java.lang.RuntimeException: fuck
	at com.mushan.Main.test2(Main.java:51)
	at com.mushan.Main.main(Main.java:21)
	at sun.reflect.NativeMethodAccessorImpl.invoke0(Native Method)
	at sun.reflect.NativeMethodAccessorImpl.invoke(NativeMethodAccessorImpl.java:62)
	at sun.reflect.DelegatingMethodAccessorImpl.invoke(DelegatingMethodAccessorImpl.java:43)
	at java.lang.reflect.Method.invoke(Method.java:497)
	at com.intellij.rt.execution.application.AppMain.main(AppMain.java:147)
2016-10-11 11:09:06 [main] ERROR Main - hello world e:{}
java.lang.RuntimeException: fuck
	at com.mushan.Main.test2(Main.java:52)
	at com.mushan.Main.main(Main.java:21)
	at sun.reflect.NativeMethodAccessorImpl.invoke0(Native Method)
	at sun.reflect.NativeMethodAccessorImpl.invoke(NativeMethodAccessorImpl.java:62)
	at sun.reflect.DelegatingMethodAccessorImpl.invoke(DelegatingMethodAccessorImpl.java:43)
	at java.lang.reflect.Method.invoke(Method.java:497)
	at com.intellij.rt.execution.application.AppMain.main(AppMain.java:147)
2016-10-11 11:09:06 [main] INFO  Main - hello world 
java.lang.RuntimeException: fuck
	at com.mushan.Main.test2(Main.java:54)
	at com.mushan.Main.main(Main.java:21)
	at sun.reflect.NativeMethodAccessorImpl.invoke0(Native Method)
	at sun.reflect.NativeMethodAccessorImpl.invoke(NativeMethodAccessorImpl.java:62)
	at sun.reflect.DelegatingMethodAccessorImpl.invoke(DelegatingMethodAccessorImpl.java:43)
	at java.lang.reflect.Method.invoke(Method.java:497)
	at com.intellij.rt.execution.application.AppMain.main(AppMain.java:147)
2016-10-11 11:09:21 [main] ERROR Main - hello world 
2016-10-11 11:09:21 [main] ERROR Main - hello world 
java.lang.RuntimeException: fuck
	at com.mushan.Main.test2(Main.java:51)
	at com.mushan.Main.main(Main.java:21)
	at sun.reflect.NativeMethodAccessorImpl.invoke0(Native Method)
	at sun.reflect.NativeMethodAccessorImpl.invoke(NativeMethodAccessorImpl.java:62)
	at sun.reflect.DelegatingMethodAccessorImpl.invoke(DelegatingMethodAccessorImpl.java:43)
	at java.lang.reflect.Method.invoke(Method.java:497)
	at com.intellij.rt.execution.application.AppMain.main(AppMain.java:147)
2016-10-11 11:09:21 [main] ERROR Main - hello world e:{}
java.lang.RuntimeException: fuck
	at com.mushan.Main.test2(Main.java:52)
	at com.mushan.Main.main(Main.java:21)
	at sun.reflect.NativeMethodAccessorImpl.invoke0(Native Method)
	at sun.reflect.NativeMethodAccessorImpl.invoke(NativeMethodAccessorImpl.java:62)
	at sun.reflect.DelegatingMethodAccessorImpl.invoke(DelegatingMethodAccessorImpl.java:43)
	at java.lang.reflect.Method.invoke(Method.java:497)
	at com.intellij.rt.execution.application.AppMain.main(AppMain.java:147)
2016-10-11 11:09:21 [main] INFO  Main - hello world 
java.lang.RuntimeException: fuck
	at com.mushan.Main.test2(Main.java:54)
	at com.mushan.Main.main(Main.java:21)
	at sun.reflect.NativeMethodAccessorImpl.invoke0(Native Method)
	at sun.reflect.NativeMethodAccessorImpl.invoke(NativeMethodAccessorImpl.java:62)
	at sun.reflect.DelegatingMethodAccessorImpl.invoke(DelegatingMethodAccessorImpl.java:43)
	at java.lang.reflect.Method.invoke(Method.java:497)
	at com.intellij.rt.execution.application.AppMain.main(AppMain.java:147)
2016-10-11 11:09:21 [main] INFO  Main - hello world e:{}
java.lang.RuntimeException: fuck
	at com.mushan.Main.test2(Main.java:55)
	at com.mushan.Main.main(Main.java:21)
	at sun.reflect.NativeMethodAccessorImpl.invoke0(Native Method)
	at sun.reflect.NativeMethodAccessorImpl.invoke(NativeMethodAccessorImpl.java:62)
	at sun.reflect.DelegatingMethodAccessorImpl.invoke(DelegatingMethodAccessorImpl.java:43)
	at java.lang.reflect.Method.invoke(Method.java:497)
	at com.intellij.rt.execution.application.AppMain.main(AppMain.java:147)
